<?xml version="1.0" encoding="UTF-8"?>
<!-- Generated by org.testng.reporters.JUnitReportReporter -->
<testsuite hostname="DESKTOP-K0CH7S3" failures="0" tests="3" name="alerts.AlertTests" time="7.712" errors="0" timestamp="16 Sep 2023 08:35:19 GMT" skipped="0">
  <testcase classname="alerts.AlertTests" name="testAcceptAlert" time="1.620"/>
  <testcase classname="alerts.AlertTests" name="testGetTextFromAlert" time="4.905"/>
  <testcase classname="alerts.AlertTests" name="testSetInputInAlert" time="1.187"/>
</testsuite> <!-- alerts.AlertTests -->
